c:\users\jullian\documents\visual studio 2015\projects\portadroid_engine solution\portadroid_engine\debug\vc140.pdb
c:\users\jullian\documents\visual studio 2015\projects\portadroid_engine solution\portadroid_engine\debug\vc140.idb
c:\users\jullian\documents\visual studio 2015\projects\portadroid_engine solution\portadroid_engine\debug\winmain.obj
c:\users\jullian\documents\visual studio 2015\projects\portadroid_engine solution\portadroid_engine\debug\windowssystem.obj
c:\users\jullian\documents\visual studio 2015\projects\portadroid_engine solution\portadroid_engine\debug\graphics.obj
c:\users\jullian\documents\visual studio 2015\projects\portadroid_engine solution\portadroid_engine\debug\coreengine.obj
c:\users\jullian\documents\visual studio 2015\projects\portadroid_engine solution\portadroid_engine\debug\camera.obj
c:\users\jullian\documents\visual studio 2015\projects\portadroid_engine solution\portadroid_engine\debug\temptransform.obj
c:\users\jullian\documents\visual studio 2015\projects\portadroid_engine solution (namespace fix)\portadroid_engine\debug\vc140.pdb
c:\users\jullian\documents\visual studio 2015\projects\portadroid_engine solution (namespace fix)\portadroid_engine\debug\vc140.idb
c:\users\jullian\documents\visual studio 2015\projects\portadroid_engine solution (namespace fix)\portadroid_engine\debug\camera.obj
c:\users\jullian\documents\visual studio 2015\projects\portadroid_engine solution (namespace fix)\portadroid_engine\debug\coreengine.obj
c:\users\jullian\documents\visual studio 2015\projects\portadroid_engine solution (namespace fix)\portadroid_engine\debug\defaulttext.obj
c:\users\jullian\documents\visual studio 2015\projects\portadroid_engine solution (namespace fix)\portadroid_engine\debug\graphics.obj
c:\users\jullian\documents\visual studio 2015\projects\portadroid_engine solution (namespace fix)\portadroid_engine\debug\heirarchy.obj
c:\users\jullian\documents\visual studio 2015\projects\portadroid_engine solution (namespace fix)\portadroid_engine\debug\sprite.obj
c:\users\jullian\documents\visual studio 2015\projects\portadroid_engine solution (namespace fix)\portadroid_engine\debug\temptransform.obj
c:\users\jullian\documents\visual studio 2015\projects\portadroid_engine solution (namespace fix)\portadroid_engine\debug\windowssystem.obj
c:\users\jullian\documents\visual studio 2015\projects\portadroid_engine solution (namespace fix)\portadroid_engine\debug\winmain.obj
c:\users\jullian\onedrive\personal projects\summer game - portadroid\engine solution\portadroid_engine solution\portadroid_engine\debug\vc140.pdb
c:\users\jullian\onedrive\personal projects\summer game - portadroid\engine solution\portadroid_engine solution\portadroid_engine\debug\vc140.idb
c:\users\jullian\onedrive\personal projects\summer game - portadroid\engine solution\portadroid_engine solution\portadroid_engine\debug\obalcore.obj
c:\users\jullian\onedrive\personal projects\summer game - portadroid\engine solution\portadroid_engine solution\portadroid_engine\debug\winmain.obj
c:\users\jullian\onedrive\personal projects\summer game - portadroid\engine solution\portadroid_engine solution\portadroid_engine\debug\graphics.obj
c:\users\jullian\onedrive\personal projects\summer game - portadroid\engine solution\portadroid_engine solution\portadroid_engine\debug\windowssystem.obj
c:\users\jullian\onedrive\personal projects\summer game - portadroid\engine solution\portadroid_engine solution\portadroid_engine\debug\camera.obj
c:\users\jullian\onedrive\personal projects\summer game - portadroid\engine solution\portadroid_engine solution\portadroid_engine\debug\messagerecipientlist.obj
c:\users\jullian\onedrive\personal projects\summer game - portadroid\engine solution\portadroid_engine solution\portadroid_engine\debug\textserialization.obj
c:\users\jullian\onedrive\personal projects\summer game - portadroid\engine solution\portadroid_engine solution\portadroid_engine\debug\transform.obj
c:\users\jullian\onedrive\personal projects\summer game - portadroid\engine solution\portadroid_engine solution\portadroid_engine\debug\factory.obj
c:\users\jullian\onedrive\personal projects\summer game - portadroid\engine solution\portadroid_engine solution\portadroid_engine\debug\defaulttext.obj
c:\users\jullian\onedrive\personal projects\summer game - portadroid\engine solution\portadroid_engine solution\portadroid_engine\debug\sprite.obj
c:\users\jullian\onedrive\personal projects\summer game - portadroid\engine solution\portadroid_engine solution\portadroid_engine\debug\spritesource.obj
c:\users\jullian\onedrive\personal projects\summer game - portadroid\engine solution\portadroid_engine solution\portadroid_engine\debug\texturesource.obj
c:\users\jullian\onedrive\personal projects\summer game - portadroid\engine solution\portadroid_engine solution\portadroid_engine\debug\backbuffersurfacesprite.obj
c:\users\jullian\onedrive\personal projects\summer game - portadroid\engine solution\portadroid_engine solution\portadroid_engine\debug\hudsprite.obj
c:\users\jullian\onedrive\personal projects\summer game - portadroid\engine solution\portadroid_engine solution\portadroid_engine\debug\gameobjectcomposition.obj
c:\users\jullian\onedrive\personal projects\summer game - portadroid\engine solution\portadroid_engine solution\portadroid_engine\debug\filepath.obj
c:\users\jullian\onedrive\personal projects\summer game - portadroid\engine solution\portadroid_engine solution\portadroid_engine\debug\directlight.obj
c:\users\jullian\onedrive\personal projects\summer game - portadroid\engine solution\portadroid_engine solution\portadroid_engine\debug\inputmanager.obj
c:\users\jullian\onedrive\personal projects\summer game - portadroid\engine solution\portadroid_engine solution\portadroid_engine\debug\animatablesprite.obj
c:\users\jullian\onedrive\personal projects\summer game - portadroid\engine solution\portadroid_engine solution\portadroid_engine\debug\cameracontroller.obj
c:\users\jullian\onedrive\personal projects\summer game - portadroid\engine solution\portadroid_engine solution\portadroid_engine\debug\debugdraw.obj
c:\users\jullian\onedrive\personal projects\summer game - portadroid\engine solution\portadroid_engine solution\portadroid_engine\debug\vmath.obj
c:\users\jullian\onedrive\personal projects\summer game - portadroid\engine solution\portadroid_engine solution\portadroid_engine\debug\body.obj
c:\users\jullian\onedrive\personal projects\summer game - portadroid\engine solution\portadroid_engine solution\portadroid_engine\debug\collision.obj
c:\users\jullian\onedrive\personal projects\summer game - portadroid\engine solution\portadroid_engine solution\portadroid_engine\debug\orientation.obj
c:\users\jullian\onedrive\personal projects\summer game - portadroid\engine solution\portadroid_engine solution\portadroid_engine\debug\resolution.obj
c:\users\jullian\onedrive\personal projects\summer game - portadroid\engine solution\portadroid_engine solution\portadroid_engine\debug\physics.obj
c:\users\jullian\onedrive\personal projects\summer game - portadroid\engine solution\portadroid_engine solution\portadroid_engine\debug\particle.obj
c:\users\jullian\onedrive\personal projects\summer game - portadroid\engine solution\portadroid_engine solution\portadroid_engine\debug\serialize.obj
c:\users\jullian\onedrive\personal projects\summer game - portadroid\engine solution\portadroid_engine solution\portadroid_engine\debug\particleemitter.obj
c:\users\jullian\onedrive\personal projects\summer game - portadroid\engine solution\portadroid_engine solution\portadroid_engine\debug\particlemanager.obj
c:\users\jullian\onedrive\personal projects\summer game - portadroid\engine solution\portadroid_engine solution\portadroid_engine\debug\jsoncpp.obj
c:\users\jullian\documents\github\gameengine\portadroid_engine\debug\vc140.pdb
c:\users\jullian\documents\github\gameengine\portadroid_engine\debug\vc140.idb
c:\users\jullian\documents\github\gameengine\portadroid_engine\debug\inputmanager.obj
c:\users\jullian\documents\github\gameengine\portadroid_engine\debug\jsoncpp.obj
c:\users\jullian\documents\github\gameengine\portadroid_engine\debug\messagerecipientlist.obj
c:\users\jullian\documents\github\gameengine\portadroid_engine\debug\obalcore.obj
c:\users\jullian\documents\github\gameengine\portadroid_engine\debug\defaulttext.obj
c:\users\jullian\documents\github\gameengine\portadroid_engine\debug\graphics.obj
c:\users\jullian\documents\github\gameengine\portadroid_engine\debug\orientation.obj
c:\users\jullian\documents\github\gameengine\portadroid_engine\debug\particle.obj
c:\users\jullian\documents\github\gameengine\portadroid_engine\debug\particleemitter.obj
c:\users\jullian\documents\github\gameengine\portadroid_engine\debug\particlemanager.obj
c:\users\jullian\documents\github\gameengine\portadroid_engine\debug\physics.obj
c:\users\jullian\documents\github\gameengine\portadroid_engine\debug\resolution.obj
c:\users\jullian\documents\github\gameengine\portadroid_engine\debug\serialize.obj
c:\users\jullian\documents\github\gameengine\portadroid_engine\debug\sprite.obj
c:\users\jullian\documents\github\gameengine\portadroid_engine\debug\spritesource.obj
c:\users\jullian\documents\github\gameengine\portadroid_engine\debug\texturesource.obj
c:\users\jullian\documents\github\gameengine\portadroid_engine\debug\transform.obj
c:\users\jullian\documents\github\gameengine\portadroid_engine\debug\vmath.obj
c:\users\jullian\documents\github\gameengine\portadroid_engine\debug\windowssystem.obj
c:\users\jullian\documents\github\gameengine\portadroid_engine\debug\winmain.obj
c:\users\jullian\documents\github\gameengine\portadroid_engine\debug\animatablesprite.obj
c:\users\jullian\documents\github\gameengine\portadroid_engine\debug\backbuffersurfacesprite.obj
c:\users\jullian\documents\github\gameengine\portadroid_engine\debug\body.obj
c:\users\jullian\documents\github\gameengine\portadroid_engine\debug\camera.obj
c:\users\jullian\documents\github\gameengine\portadroid_engine\debug\cameracontroller.obj
c:\users\jullian\documents\github\gameengine\portadroid_engine\debug\collision.obj
c:\users\jullian\documents\github\gameengine\portadroid_engine\debug\debugdraw.obj
c:\users\jullian\documents\github\gameengine\portadroid_engine\debug\directlight.obj
c:\users\jullian\documents\github\gameengine\portadroid_engine\debug\factory.obj
c:\users\jullian\documents\github\gameengine\portadroid_engine\debug\filepath.obj
c:\users\jullian\documents\github\gameengine\portadroid_engine\debug\gameobjectcomposition.obj
c:\users\jullian\documents\github\gameengine\portadroid_engine\debug\hudsprite.obj
c:\users\jullian\documents\github\gameengine\portadroid_engine\debug\engineproofpresentationobject.obj
c:\users\jullian\documents\visual studio 2015\projects\portadroid_engine solution\debug\portadroid_engine.ilk
c:\users\jullian\documents\visual studio 2015\projects\portadroid_engine solution\debug\portadroid_engine.exe
c:\users\jullian\documents\visual studio 2015\projects\portadroid_engine solution\debug\portadroid_engine.pdb
c:\users\jullian\documents\visual studio 2015\projects\portadroid_engine solution (namespace fix)\debug\portadroid_engine.ilk
c:\users\jullian\documents\visual studio 2015\projects\portadroid_engine solution (namespace fix)\debug\portadroid_engine.exe
c:\users\jullian\documents\visual studio 2015\projects\portadroid_engine solution (namespace fix)\debug\portadroid_engine.pdb
c:\users\jullian\onedrive\personal projects\summer game - portadroid\engine solution\portadroid_engine solution\debug\portadroid_engine.ilk
c:\users\jullian\onedrive\personal projects\summer game - portadroid\engine solution\portadroid_engine solution\debug\portadroid_engine.exe
c:\users\jullian\onedrive\personal projects\summer game - portadroid\engine solution\portadroid_engine solution\debug\portadroid_engine.pdb
c:\users\jullian\documents\github\gameengine\debug\portadroid_engine.ilk
c:\users\jullian\documents\github\gameengine\debug\portadroid_engine.exe
c:\users\jullian\documents\github\gameengine\debug\portadroid_engine.pdb
c:\users\jullian\documents\github\gameengine\portadroid_engine\debug\coreengine.obj
c:\users\jullian\documents\github\gameengine\portadroid_engine\debug\temptransform.obj
c:\users\jullian\documents\github\gameengine\portadroid_engine\debug\textserialization.obj
c:\users\jullian\documents\github\gameengine\portadroid_engine\debug\cameracontroller.obj.enc
c:\users\jullian\documents\github\gameengine\portadroid_engine\debug\graphics.obj.enc
c:\users\jullian\documents\github\gameengine\portadroid_engine\debug\inputmanager.obj.enc
c:\users\jullian\documents\github\gameengine\portadroid_engine\debug\obalcore.obj.enc
c:\users\jullian\documents\github\gameengine\portadroid_engine\debug\sprite.obj.enc
c:\users\jullian\documents\github\gameengine\portadroid_engine\debug\texturesource.obj.enc
c:\users\jullian\documents\github\gameengine\portadroid_engine\debug\portadro.d083dd9f.tlog\cl.command.1.tlog
c:\users\jullian\documents\github\gameengine\portadroid_engine\debug\portadro.d083dd9f.tlog\cl.read.1.tlog
c:\users\jullian\documents\github\gameengine\portadroid_engine\debug\portadro.d083dd9f.tlog\cl.write.1.tlog
c:\users\jullian\documents\github\gameengine\portadroid_engine\debug\portadro.d083dd9f.tlog\link.command.1.tlog
c:\users\jullian\documents\github\gameengine\portadroid_engine\debug\portadro.d083dd9f.tlog\link.read.1.tlog
c:\users\jullian\documents\github\gameengine\portadroid_engine\debug\portadro.d083dd9f.tlog\link.write.1.tlog
